Using pre-set license
Built from '2020.3/staging' branch; Version is '2020.3.37f1 (8c66806a0c04) revision 9201280'; Using compiler version '192528614'; Build Type 'Release'
OS: 'Windows 10  (10.0.19044) 64bit Education' Language: 'ca' Physical Memory: 8085 MB
BatchMode: 1, IsHumanControllingUs: 0, StartBugReporterOnCrash: 0, Is64bit: 1, IsPro: 0

COMMAND LINE ARGUMENTS:
C:\SOFT\DiG\Unity\2020.3.37f1\Editor\Unity.exe
-adb2
-batchMode
-noUpm
-name
AssetImportWorker0
-projectPath
C:/Users/al425986/Documents/GitHub/Unity-main-main
-logFile
Logs/AssetImportWorker0.log
-srvPort
51241
Successfully changed project path to: C:/Users/al425986/Documents/GitHub/Unity-main-main
C:/Users/al425986/Documents/GitHub/Unity-main-main
Using Asset Import Pipeline V2.
Unable to join player connection multicast group.
Unable to join player connection alternative multicast group.
Refreshing native plugins compatible for Editor in 45.24 ms, found 3 plugins.
Preloading 0 native plugins for Editor in 0.00 ms.
Initialize engine version: 2020.3.37f1 (8c66806a0c04)
[Subsystems] Discovering subsystems at path C:/SOFT/DiG/Unity/2020.3.37f1/Editor/Data/Resources/UnitySubsystems
[Subsystems] Discovering subsystems at path C:/Users/al425986/Documents/GitHub/Unity-main-main/Assets
GfxDevice: creating device client; threaded=0
Direct3D:
    Version:  Direct3D 11.0 [level 11.1]
    Renderer: Intel(R) UHD Graphics 630 (ID=0x3e91)
    Vendor:   
    VRAM:     4042 MB
    Driver:   26.20.100.7871
Initialize mono
Mono path[0] = 'C:/SOFT/DiG/Unity/2020.3.37f1/Editor/Data/Managed'
Mono path[1] = 'C:/SOFT/DiG/Unity/2020.3.37f1/Editor/Data/MonoBleedingEdge/lib/mono/unityjit'
Mono config path = 'C:/SOFT/DiG/Unity/2020.3.37f1/Editor/Data/MonoBleedingEdge/etc'
Using monoOptions --debugger-agent=transport=dt_socket,embedding=1,server=y,suspend=n,address=127.0.0.1:56080
Begin MonoManager ReloadAssembly
Registering precompiled unity dll's ...
Register platform support module: C:/SOFT/DiG/Unity/2020.3.37f1/Editor/Data/PlaybackEngines/WindowsStandaloneSupport/UnityEditor.WindowsStandalone.Extensions.dll
Registered in 0.001724 seconds.
Native extension for WindowsStandalone target not found
Refreshing native plugins compatible for Editor in 43.23 ms, found 3 plugins.
Preloading 0 native plugins for Editor in 0.00 ms.
Mono: successfully reloaded assembly
- Completed reload, in  0.531 seconds
Domain Reload Profiling:
	ReloadAssembly (531ms)
		BeginReloadAssembly (61ms)
			ExecutionOrderSort (0ms)
			DisableScriptedObjects (0ms)
			BackupInstance (0ms)
			ReleaseScriptingObjects (0ms)
			CreateAndSetChildDomain (1ms)
		EndReloadAssembly (405ms)
			LoadAssemblies (59ms)
			RebuildTransferFunctionScriptingTraits (0ms)
			SetupTypeCache (134ms)
			ReleaseScriptCaches (0ms)
			RebuildScriptCaches (28ms)
			SetupLoadedEditorAssemblies (156ms)
				LogAssemblyErrors (0ms)
				InitializePlatformSupportModulesInManaged (4ms)
				SetLoadedEditorAssemblies (1ms)
				RefreshPlugins (43ms)
				BeforeProcessingInitializeOnLoad (7ms)
				ProcessInitializeOnLoadAttributes (74ms)
				ProcessInitializeOnLoadMethodAttributes (27ms)
				AfterProcessingInitializeOnLoad (0ms)
				EditorAssembliesLoaded (0ms)
			ExecutionOrderSort2 (0ms)
			AwakeInstancesAfterBackupRestoration (0ms)
Platform modules already initialized, skipping
Registering precompiled user dll's ...
Registered in 0.002982 seconds.
Begin MonoManager ReloadAssembly
Native extension for WindowsStandalone target not found
Refreshing native plugins compatible for Editor in 42.84 ms, found 3 plugins.
Preloading 0 native plugins for Editor in 0.00 ms.
Mono: successfully reloaded assembly
- Completed reload, in  0.989 seconds
Domain Reload Profiling:
	ReloadAssembly (990ms)
		BeginReloadAssembly (140ms)
			ExecutionOrderSort (0ms)
			DisableScriptedObjects (4ms)
			BackupInstance (0ms)
			ReleaseScriptingObjects (0ms)
			CreateAndSetChildDomain (19ms)
		EndReloadAssembly (796ms)
			LoadAssemblies (92ms)
			RebuildTransferFunctionScriptingTraits (0ms)
			SetupTypeCache (260ms)
			ReleaseScriptCaches (0ms)
			RebuildScriptCaches (42ms)
			SetupLoadedEditorAssemblies (312ms)
				LogAssemblyErrors (0ms)
				InitializePlatformSupportModulesInManaged (3ms)
				SetLoadedEditorAssemblies (0ms)
				RefreshPlugins (43ms)
				BeforeProcessingInitializeOnLoad (65ms)
				ProcessInitializeOnLoadAttributes (176ms)
				ProcessInitializeOnLoadMethodAttributes (19ms)
				AfterProcessingInitializeOnLoad (5ms)
				EditorAssembliesLoaded (0ms)
			ExecutionOrderSort2 (0ms)
			AwakeInstancesAfterBackupRestoration (2ms)
Platform modules already initialized, skipping
========================================================================
Worker process is ready to serve import requests
Launched and connected shader compiler UnityShaderCompiler.exe after 0.04 seconds
Refreshing native plugins compatible for Editor in 0.43 ms, found 3 plugins.
Preloading 0 native plugins for Editor in 0.00 ms.
Unloading 2215 Unused Serialized files (Serialized files now loaded: 0)
System memory in use before: 97.6 MB.
System memory in use after: 97.5 MB.

Unloading 31 unused Assets to reduce memory usage. Loaded Objects now: 2649.
Total: 2.891700 ms (FindLiveObjects: 0.163800 ms CreateObjectMapping: 0.073900 ms MarkObjects: 2.494700 ms  DeleteObjects: 0.158600 ms)

AssetImportParameters requested are different than current active one (requested -> active):
  custom:framework-win-MediaFoundation: 216162199b28c13a410421893ffa2e32 -> 
  custom:video-decoder-ogg-theora: a1e56fd34408186e4bbccfd4996cb3dc -> 
  custom:container-muxer-webm: aa71ff27fc2769a1b78a27578f13a17b -> 
  custom:container-demuxer-webm: 4f35f7cbe854078d1ac9338744f61a02 -> 
  custom:container-demuxer-ogg: 62fdf1f143b41e24485cea50d1cbac27 -> 
  custom:video-encoder-webm-vp8: eb34c28f22e8b96e1ab97ce403110664 -> 
  custom:video-decoder-webm-vp8: 9c59270c3fd7afecdb556c50c9e8de78 -> 
  custom:audio-decoder-ogg-vorbis: bf7c407c2cedff20999df2af8eb42d56 -> 
  custom:audio-encoder-webm-vorbis: bf7c407c2cedff20999df2af8eb42d56 -> 
========================================================================
Received Import Request.
  path: Assets/Art/Tiles/249c4782-9028-4e81-9ed2-0178257faf6a_OrangeFloor.png.1800x0x1.png
  artifactKey: Guid(24a09387745143542b5dfb1aa2778a65) Importer(815301076,1909f56bfc062723c751e8b465ee728b)
Start importing Assets/Art/Tiles/249c4782-9028-4e81-9ed2-0178257faf6a_OrangeFloor.png.1800x0x1.png using Guid(24a09387745143542b5dfb1aa2778a65) Importer(815301076,1909f56bfc062723c751e8b465ee728b)  -> (artifact id: 'b9060c614a034f71d206020d4982a680') in 0.165310 seconds 
========================================================================
Received Import Request.
  Time since last request: 0.000240 seconds.
  path: Assets/Art/Tiles/249c4782-9028-4e81-9ed2-0178257faf6a_OrangeFloor.png.1800x0x1_4.asset
  artifactKey: Guid(86dce0af0b2aa7947bd6b20423b03bf7) Importer(815301076,1909f56bfc062723c751e8b465ee728b)
Start importing Assets/Art/Tiles/249c4782-9028-4e81-9ed2-0178257faf6a_OrangeFloor.png.1800x0x1_4.asset using Guid(86dce0af0b2aa7947bd6b20423b03bf7) Importer(815301076,1909f56bfc062723c751e8b465ee728b)  -> (artifact id: '9612e63ecf06f30082531e4b9fc4f135') in 0.043209 seconds 
========================================================================
Received Import Request.
  Time since last request: 0.000371 seconds.
  path: Assets/Art/Tiles/firsttile.asset
  artifactKey: Guid(126f2e674eaf17a4dbd9c0c4a8a880b1) Importer(815301076,1909f56bfc062723c751e8b465ee728b)
Start importing Assets/Art/Tiles/firsttile.asset using Guid(126f2e674eaf17a4dbd9c0c4a8a880b1) Importer(815301076,1909f56bfc062723c751e8b465ee728b)  -> (artifact id: '35f1786952b413222ecc263e68afcde0') in 0.022319 seconds 
========================================================================
Received Import Request.
  Time since last request: 0.000290 seconds.
  path: Assets/Audio/Hit for enemy 2.wav
  artifactKey: Guid(709a835b61b848644946696fdd5e5a4d) Importer(815301076,1909f56bfc062723c751e8b465ee728b)
Start importing Assets/Audio/Hit for enemy 2.wav using Guid(709a835b61b848644946696fdd5e5a4d) Importer(815301076,1909f56bfc062723c751e8b465ee728b)  -> (artifact id: 'bae79d475201a9e6c959e7bd1e9d2a5c') in 0.044707 seconds 
========================================================================
Received Import Request.
  Time since last request: 0.000194 seconds.
  path: Assets/Audio/Hit for enemy 1.wav
  artifactKey: Guid(ae904c7305df7344d86b2092c0cb3a26) Importer(815301076,1909f56bfc062723c751e8b465ee728b)
Start importing Assets/Audio/Hit for enemy 1.wav using Guid(ae904c7305df7344d86b2092c0cb3a26) Importer(815301076,1909f56bfc062723c751e8b465ee728b)  -> (artifact id: 'd1b8482c1b014791cab7be8607783e00') in 0.024917 seconds 
========================================================================
Received Import Request.
  Time since last request: 0.000269 seconds.
  path: Assets/Art/Tiles/249c4782-9028-4e81-9ed2-0178257faf6a_OrangeFloor.png.1800x0x1_6.asset
  artifactKey: Guid(5f9fbf703c97f2a438545b919b92023d) Importer(815301076,1909f56bfc062723c751e8b465ee728b)
Start importing Assets/Art/Tiles/249c4782-9028-4e81-9ed2-0178257faf6a_OrangeFloor.png.1800x0x1_6.asset using Guid(5f9fbf703c97f2a438545b919b92023d) Importer(815301076,1909f56bfc062723c751e8b465ee728b)  -> (artifact id: '0df146fb413afe705c65a07ecd804402') in 0.016427 seconds 
========================================================================
Received Import Request.
  Time since last request: 0.000300 seconds.
  path: Assets/Art/Tiles/249c4782-9028-4e81-9ed2-0178257faf6a_OrangeFloor.png.1800x0x1_3.asset
  artifactKey: Guid(8bc45796605578049b9e0e3e9402f99f) Importer(815301076,1909f56bfc062723c751e8b465ee728b)
Start importing Assets/Art/Tiles/249c4782-9028-4e81-9ed2-0178257faf6a_OrangeFloor.png.1800x0x1_3.asset using Guid(8bc45796605578049b9e0e3e9402f99f) Importer(815301076,1909f56bfc062723c751e8b465ee728b)  -> (artifact id: '889aebb46aaa5e2f4f193ea2496de4f6') in 0.018137 seconds 
========================================================================
Received Import Request.
  Time since last request: 0.000142 seconds.
  path: Assets/Art/Tiles/249c4782-9028-4e81-9ed2-0178257faf6a_OrangeFloor.png.1800x0x1_5.asset
  artifactKey: Guid(4be0a18de5780804f83a03d4b1a2645e) Importer(815301076,1909f56bfc062723c751e8b465ee728b)
Start importing Assets/Art/Tiles/249c4782-9028-4e81-9ed2-0178257faf6a_OrangeFloor.png.1800x0x1_5.asset using Guid(4be0a18de5780804f83a03d4b1a2645e) Importer(815301076,1909f56bfc062723c751e8b465ee728b)  -> (artifact id: '0384ebdc8905ac016f68cf8d3e1fb4df') in 0.027142 seconds 
========================================================================
Received Import Request.
  Time since last request: 0.000191 seconds.
  path: Assets/Audio/Footsteps2a.wav
  artifactKey: Guid(a20c77ecd5de9eb4a98731b45ad84c3e) Importer(815301076,1909f56bfc062723c751e8b465ee728b)
Start importing Assets/Audio/Footsteps2a.wav using Guid(a20c77ecd5de9eb4a98731b45ad84c3e) Importer(815301076,1909f56bfc062723c751e8b465ee728b)  -> (artifact id: 'ec4114c08ca62f0438743a345ad6a802') in 0.037364 seconds 
========================================================================
Received Import Request.
  Time since last request: 0.000169 seconds.
  path: Assets/Audio/2D MUSIC LOOP.wav
  artifactKey: Guid(e406c04157c663a43b859646b7ad3c2a) Importer(815301076,1909f56bfc062723c751e8b465ee728b)
Start importing Assets/Audio/2D MUSIC LOOP.wav using Guid(e406c04157c663a43b859646b7ad3c2a) Importer(815301076,1909f56bfc062723c751e8b465ee728b)  -> (artifact id: '2077188d0d35c608a137f25f1dd09cc5') in 0.027831 seconds 
========================================================================
Received Import Request.
  Time since last request: 0.000189 seconds.
  path: Assets/Audio/Collectable.wav
  artifactKey: Guid(af5f8b64e3f58f24c87ff8f789b04f6c) Importer(815301076,1909f56bfc062723c751e8b465ee728b)
Start importing Assets/Audio/Collectable.wav using Guid(af5f8b64e3f58f24c87ff8f789b04f6c) Importer(815301076,1909f56bfc062723c751e8b465ee728b)  -> (artifact id: '2c1b7c2bf256bd2c22fdd47c1a88f065') in 0.021268 seconds 
========================================================================
Received Import Request.
  Time since last request: 0.000177 seconds.
  path: Assets/Art/Tiles/249c4782-9028-4e81-9ed2-0178257faf6a_OrangeFloor.png.1800x0x1_7.asset
  artifactKey: Guid(7f07792fd514a844686220e541335830) Importer(815301076,1909f56bfc062723c751e8b465ee728b)
Start importing Assets/Art/Tiles/249c4782-9028-4e81-9ed2-0178257faf6a_OrangeFloor.png.1800x0x1_7.asset using Guid(7f07792fd514a844686220e541335830) Importer(815301076,1909f56bfc062723c751e8b465ee728b)  -> (artifact id: 'c62a8497035650c8d158c3f9632c7a28') in 0.018592 seconds 
========================================================================
Received Import Request.
  Time since last request: 0.000268 seconds.
  path: Assets/Audio/Robot Fixed.wav
  artifactKey: Guid(e7fa1971a86d60945bb64585c0ac14d5) Importer(815301076,1909f56bfc062723c751e8b465ee728b)
Start importing Assets/Audio/Robot Fixed.wav using Guid(e7fa1971a86d60945bb64585c0ac14d5) Importer(815301076,1909f56bfc062723c751e8b465ee728b)  -> (artifact id: 'b0f543d931514fe435c6ca33cfe96fc4') in 0.020399 seconds 
========================================================================
Received Import Request.
  Time since last request: 0.000214 seconds.
  path: Assets/Art/Tiles/249c4782-9028-4e81-9ed2-0178257faf6a_OrangeFloor.png.1800x0x1.asset
  artifactKey: Guid(81e5dc430c3652144b03bd7d08ede9ae) Importer(815301076,1909f56bfc062723c751e8b465ee728b)
Start importing Assets/Art/Tiles/249c4782-9028-4e81-9ed2-0178257faf6a_OrangeFloor.png.1800x0x1.asset using Guid(81e5dc430c3652144b03bd7d08ede9ae) Importer(815301076,1909f56bfc062723c751e8b465ee728b)  -> (artifact id: '28c1d8faf84e3b6dc1e3030027d3bad8') in 0.007924 seconds 
========================================================================
Received Import Request.
  Time since last request: 0.000089 seconds.
  path: Assets/Art/Tiles/249c4782-9028-4e81-9ed2-0178257faf6a_OrangeFloor.png.1800x0x1_2.asset
  artifactKey: Guid(8d1b9e9ec29f5f346b12b53100729983) Importer(815301076,1909f56bfc062723c751e8b465ee728b)
Start importing Assets/Art/Tiles/249c4782-9028-4e81-9ed2-0178257faf6a_OrangeFloor.png.1800x0x1_2.asset using Guid(8d1b9e9ec29f5f346b12b53100729983) Importer(815301076,1909f56bfc062723c751e8b465ee728b)  -> (artifact id: 'c01c4de61f7c588565f4ed7efc348787') in 0.018619 seconds 
========================================================================
Received Import Request.
  Time since last request: 0.000649 seconds.
  path: Assets/Art/Tiles/249c4782-9028-4e81-9ed2-0178257faf6a_OrangeFloor.png.1800x0x1_8.asset
  artifactKey: Guid(29794b3808e75e44ea6c218ef0a341ce) Importer(815301076,1909f56bfc062723c751e8b465ee728b)
Start importing Assets/Art/Tiles/249c4782-9028-4e81-9ed2-0178257faf6a_OrangeFloor.png.1800x0x1_8.asset using Guid(29794b3808e75e44ea6c218ef0a341ce) Importer(815301076,1909f56bfc062723c751e8b465ee728b)  -> (artifact id: '18bc15a1c94a338d6ea20f57a8b979a7') in 0.018827 seconds 
========================================================================
Received Import Request.
  Time since last request: 0.000162 seconds.
  path: Assets/Art/Tiles/249c4782-9028-4e81-9ed2-0178257faf6a_OrangeFloor.png.1800x0x1_0.asset
  artifactKey: Guid(31b417ee79d511846bf888bb898997a4) Importer(815301076,1909f56bfc062723c751e8b465ee728b)
Start importing Assets/Art/Tiles/249c4782-9028-4e81-9ed2-0178257faf6a_OrangeFloor.png.1800x0x1_0.asset using Guid(31b417ee79d511846bf888bb898997a4) Importer(815301076,1909f56bfc062723c751e8b465ee728b)  -> (artifact id: 'fa4fbbd39074137b2728f97783a9f8bf') in 0.018979 seconds 
========================================================================
Received Import Request.
  Time since last request: 0.000234 seconds.
  path: Assets/Audio/Player Hit.wav
  artifactKey: Guid(9b1bb1f450b7d444fa4a8019d13519a7) Importer(815301076,1909f56bfc062723c751e8b465ee728b)
Start importing Assets/Audio/Player Hit.wav using Guid(9b1bb1f450b7d444fa4a8019d13519a7) Importer(815301076,1909f56bfc062723c751e8b465ee728b)  -> (artifact id: 'dbf115755ea15c0be5035df6be0b356c') in 0.021891 seconds 
========================================================================
Received Import Request.
  Time since last request: 0.000188 seconds.
  path: Assets/Art/Tiles/249c4782-9028-4e81-9ed2-0178257faf6a_OrangeFloor.png.1800x0x1_1.asset
  artifactKey: Guid(f9a9fac79f6bcdf4bafed23d45c43364) Importer(815301076,1909f56bfc062723c751e8b465ee728b)
Start importing Assets/Art/Tiles/249c4782-9028-4e81-9ed2-0178257faf6a_OrangeFloor.png.1800x0x1_1.asset using Guid(f9a9fac79f6bcdf4bafed23d45c43364) Importer(815301076,1909f56bfc062723c751e8b465ee728b)  -> (artifact id: 'cf9063744a082c53a7862c172db3d350') in 0.016687 seconds 
========================================================================
Received Import Request.
  Time since last request: 0.000233 seconds.
  path: Assets/Audio/Quest Complete.wav
  artifactKey: Guid(f987bfc0b774d3f4e82dc47e91f78584) Importer(815301076,1909f56bfc062723c751e8b465ee728b)
Start importing Assets/Audio/Quest Complete.wav using Guid(f987bfc0b774d3f4e82dc47e91f78584) Importer(815301076,1909f56bfc062723c751e8b465ee728b)  -> (artifact id: 'f0846413c6b008a6b902a179d030b92a') in 0.019887 seconds 
========================================================================
Received Import Request.
  Time since last request: 0.000476 seconds.
  path: Assets/Art/Tiles/GamePalette.prefab
  artifactKey: Guid(1537378d57f04c3408a8767d4438cbe9) Importer(815301076,1909f56bfc062723c751e8b465ee728b)
Start importing Assets/Art/Tiles/GamePalette.prefab using Guid(1537378d57f04c3408a8767d4438cbe9) Importer(815301076,1909f56bfc062723c751e8b465ee728b)  -> (artifact id: '5b37e5cb5da75197b3772da2d0c9528a') in 0.043696 seconds 
========================================================================
Received Import Request.
  Time since last request: 0.000137 seconds.
  path: Assets/Audio/Robot Walking_Broken.wav
  artifactKey: Guid(6bfbad8ffdf387d4e87e8fa07b62f7c1) Importer(815301076,1909f56bfc062723c751e8b465ee728b)
Start importing Assets/Audio/Robot Walking_Broken.wav using Guid(6bfbad8ffdf387d4e87e8fa07b62f7c1) Importer(815301076,1909f56bfc062723c751e8b465ee728b)  -> (artifact id: 'dbfa0ace83d0fe2fbfe81a2361cb110b') in 0.020733 seconds 
========================================================================
Received Import Request.
  Time since last request: 0.000258 seconds.
  path: Assets/Art/Tiles/firsttile.png
  artifactKey: Guid(9807ee7c99369bb41bda5e4696821f37) Importer(815301076,1909f56bfc062723c751e8b465ee728b)
Start importing Assets/Art/Tiles/firsttile.png using Guid(9807ee7c99369bb41bda5e4696821f37) Importer(815301076,1909f56bfc062723c751e8b465ee728b)  -> (artifact id: '37920e71ee9d1fc74a072a8c21962c88') in 0.020781 seconds 
========================================================================
Received Import Request.
  Time since last request: 0.000217 seconds.
  path: Assets/Audio/Throw Cog.wav
  artifactKey: Guid(b2edfd40873655249ba0e01a5cf705be) Importer(815301076,1909f56bfc062723c751e8b465ee728b)
Start importing Assets/Audio/Throw Cog.wav using Guid(b2edfd40873655249ba0e01a5cf705be) Importer(815301076,1909f56bfc062723c751e8b465ee728b)  -> (artifact id: 'b9ad1b9f182cf6f31112b74fa2804993') in 0.018712 seconds 
========================================================================
Received Import Request.
  Time since last request: 0.173562 seconds.
  path: Assets/Art/Sprites/Environmnent/52b9c553-3f7f-44ca-9766-658df92e2800_image1.png.1800x0x1.png
  artifactKey: Guid(17eb593a30a7672458203dcdf7fb18d4) Importer(815301076,1909f56bfc062723c751e8b465ee728b)
Start importing Assets/Art/Sprites/Environmnent/52b9c553-3f7f-44ca-9766-658df92e2800_image1.png.1800x0x1.png using Guid(17eb593a30a7672458203dcdf7fb18d4) Importer(815301076,1909f56bfc062723c751e8b465ee728b)  -> (artifact id: '5dbb9264d720f8710ce823d39fd66a3c') in 0.023084 seconds 
========================================================================
Received Import Request.
  Time since last request: 0.000275 seconds.
  path: Assets/Art/Sprites/Environmnent/Damageable.png
  artifactKey: Guid(0e15259342e82ee4f813807e5b28c0f3) Importer(815301076,1909f56bfc062723c751e8b465ee728b)
Start importing Assets/Art/Sprites/Environmnent/Damageable.png using Guid(0e15259342e82ee4f813807e5b28c0f3) Importer(815301076,1909f56bfc062723c751e8b465ee728b)  -> (artifact id: '3edb2a67215f5faf88b2b3c41e935e92') in 0.031268 seconds 
========================================================================
Received Import Request.
  Time since last request: 0.000309 seconds.
  path: Assets/Art/Sprites/Environmnent/DrainCover.png
  artifactKey: Guid(186979b672303144e9af33f5940487e6) Importer(815301076,1909f56bfc062723c751e8b465ee728b)
Start importing Assets/Art/Sprites/Environmnent/DrainCover.png using Guid(186979b672303144e9af33f5940487e6) Importer(815301076,1909f56bfc062723c751e8b465ee728b)  -> (artifact id: '6b9d7d2e29df1759ec244ce3d8e76de7') in 0.031702 seconds 
========================================================================
Received Import Request.
  Time since last request: 0.000478 seconds.
  path: Assets/Art/Sprites/Environmnent/FloorBricksToGrassCorner_4.asset
  artifactKey: Guid(cb5355fae7b73b244bb8e57ac53f810b) Importer(815301076,1909f56bfc062723c751e8b465ee728b)
Start importing Assets/Art/Sprites/Environmnent/FloorBricksToGrassCorner_4.asset using Guid(cb5355fae7b73b244bb8e57ac53f810b) Importer(815301076,1909f56bfc062723c751e8b465ee728b)  -> (artifact id: 'edc4b05f6524a38c523159e5e6a66fbe') in 0.018457 seconds 
========================================================================
Received Import Request.
  Time since last request: 0.000235 seconds.
  path: Assets/Art/Sprites/Environmnent/TreeBig3.png
  artifactKey: Guid(1d50d21b43458424aa7759b50224c034) Importer(815301076,1909f56bfc062723c751e8b465ee728b)
Start importing Assets/Art/Sprites/Environmnent/TreeBig3.png using Guid(1d50d21b43458424aa7759b50224c034) Importer(815301076,1909f56bfc062723c751e8b465ee728b)  -> (artifact id: 'c74d776f4fb11abf2abc157d63feb627') in 0.026373 seconds 
========================================================================
Received Import Request.
  Time since last request: 0.000204 seconds.
  path: Assets/Art/Sprites/Environmnent/FloorBricksToGrassCorner.png
  artifactKey: Guid(2ff4c9799e22f1b4c95766cc11f47530) Importer(815301076,1909f56bfc062723c751e8b465ee728b)
Start importing Assets/Art/Sprites/Environmnent/FloorBricksToGrassCorner.png using Guid(2ff4c9799e22f1b4c95766cc11f47530) Importer(815301076,1909f56bfc062723c751e8b465ee728b)  -> (artifact id: '0a8117482b5b5042c96b70402c526a38') in 0.055737 seconds 
========================================================================
Received Import Request.
  Time since last request: 0.000156 seconds.
  path: Assets/Art/Sprites/Environmnent/FloorBricksToGrassCorner_0.asset
  artifactKey: Guid(dd7eccd60111c2b4e84d5f84102120d1) Importer(815301076,1909f56bfc062723c751e8b465ee728b)
Start importing Assets/Art/Sprites/Environmnent/FloorBricksToGrassCorner_0.asset using Guid(dd7eccd60111c2b4e84d5f84102120d1) Importer(815301076,1909f56bfc062723c751e8b465ee728b)  -> (artifact id: 'afd0519224a30f5813845c5e50e9546a') in 0.019307 seconds 
========================================================================
Received Import Request.
  Time since last request: 0.000167 seconds.
  path: Assets/Art/Sprites/Environmnent/FloorBricksToGrassCorner_2.asset
  artifactKey: Guid(103ee0fd0c5f12c47a98cd0dfdb813e9) Importer(815301076,1909f56bfc062723c751e8b465ee728b)
Start importing Assets/Art/Sprites/Environmnent/FloorBricksToGrassCorner_2.asset using Guid(103ee0fd0c5f12c47a98cd0dfdb813e9) Importer(815301076,1909f56bfc062723c751e8b465ee728b)  -> (artifact id: 'd9a62dffd4e2ceb9513c3aa41162f596') in 0.017810 seconds 
========================================================================
Received Import Request.
  Time since last request: 0.000281 seconds.
  path: Assets/Art/Sprites/Environmnent/FloorBricksToGrassCorner_8.asset
  artifactKey: Guid(0c7613c308b027344b9e0a4c17d545ea) Importer(815301076,1909f56bfc062723c751e8b465ee728b)
Start importing Assets/Art/Sprites/Environmnent/FloorBricksToGrassCorner_8.asset using Guid(0c7613c308b027344b9e0a4c17d545ea) Importer(815301076,1909f56bfc062723c751e8b465ee728b)  -> (artifact id: '044b78b534e9bcfb7d141ecf37f7e920') in 0.019608 seconds 
========================================================================
Received Import Request.
  Time since last request: 0.000275 seconds.
  path: Assets/Art/Sprites/Environmnent/FloorGrassToBricksCorner.png
  artifactKey: Guid(df0b6f9e93b65bc4792e6cf7849c5e37) Importer(815301076,1909f56bfc062723c751e8b465ee728b)
Start importing Assets/Art/Sprites/Environmnent/FloorGrassToBricksCorner.png using Guid(df0b6f9e93b65bc4792e6cf7849c5e37) Importer(815301076,1909f56bfc062723c751e8b465ee728b)  -> (artifact id: 'ea3721ec05c3594ab4dfe9af738d1eb2') in 0.045803 seconds 
========================================================================
Received Import Request.
  Time since last request: 0.000187 seconds.
  path: Assets/Art/Sprites/Environmnent/FloorWaterRoundCorners.png
  artifactKey: Guid(957383e82ad8601499ca4cac1dd1214a) Importer(815301076,1909f56bfc062723c751e8b465ee728b)
Start importing Assets/Art/Sprites/Environmnent/FloorWaterRoundCorners.png using Guid(957383e82ad8601499ca4cac1dd1214a) Importer(815301076,1909f56bfc062723c751e8b465ee728b)  -> (artifact id: 'b20d6b42ae3deb69f3b39fda754cd1ce') in 0.051648 seconds 
========================================================================
Received Import Request.
  Time since last request: 0.000580 seconds.
  path: Assets/Art/Sprites/Environmnent/FloorBricksToGrassSquare.asset
  artifactKey: Guid(8ba28fc24a67e1b479009916da308f48) Importer(815301076,1909f56bfc062723c751e8b465ee728b)
Start importing Assets/Art/Sprites/Environmnent/FloorBricksToGrassSquare.asset using Guid(8ba28fc24a67e1b479009916da308f48) Importer(815301076,1909f56bfc062723c751e8b465ee728b)  -> (artifact id: '621b032e274323456d2b7735950bdb13') in 0.021121 seconds 
========================================================================
Received Import Request.
  Time since last request: 0.000208 seconds.
  path: Assets/Art/Sprites/Environmnent/Mushrooms.png
  artifactKey: Guid(6acbda5bb54c19b4eb60c2674048dac2) Importer(815301076,1909f56bfc062723c751e8b465ee728b)
Start importing Assets/Art/Sprites/Environmnent/Mushrooms.png using Guid(6acbda5bb54c19b4eb60c2674048dac2) Importer(815301076,1909f56bfc062723c751e8b465ee728b)  -> (artifact id: 'df0f3b138143ae41da41ca0597eecb47') in 0.027142 seconds 
========================================================================
Received Import Request.
  Time since last request: 0.000171 seconds.
  path: Assets/Art/Sprites/Environmnent/FloorBricksToGrassCorner_6.asset
  artifactKey: Guid(17924defa213deb49a384cb5f3e5811c) Importer(815301076,1909f56bfc062723c751e8b465ee728b)
Start importing Assets/Art/Sprites/Environmnent/FloorBricksToGrassCorner_6.asset using Guid(17924defa213deb49a384cb5f3e5811c) Importer(815301076,1909f56bfc062723c751e8b465ee728b)  -> (artifact id: 'f4e06a8ea966787f0809021ef90e09ac') in 0.028417 seconds 
========================================================================
Received Import Request.
  Time since last request: 0.000359 seconds.
  path: Assets/Art/Sprites/Environmnent/FloorBricksToGrassCorner_5.asset
  artifactKey: Guid(263fd102c5106014eba0fd4566bc4981) Importer(815301076,1909f56bfc062723c751e8b465ee728b)
Start importing Assets/Art/Sprites/Environmnent/FloorBricksToGrassCorner_5.asset using Guid(263fd102c5106014eba0fd4566bc4981) Importer(815301076,1909f56bfc062723c751e8b465ee728b)  -> (artifact id: 'fc63b701bdc02b50b03e8fd50eace45d') in 0.018212 seconds 
========================================================================
Received Import Request.
  Time since last request: 0.000217 seconds.
  path: Assets/Art/Sprites/Environmnent/House.png
  artifactKey: Guid(f27ebbf5c345352429b99a3dec7ae33e) Importer(815301076,1909f56bfc062723c751e8b465ee728b)
Start importing Assets/Art/Sprites/Environmnent/House.png using Guid(f27ebbf5c345352429b99a3dec7ae33e) Importer(815301076,1909f56bfc062723c751e8b465ee728b)  -> (artifact id: '604fc01bd879c00d484e2e49207a8e7f') in 0.032844 seconds 
========================================================================
Received Import Request.
  Time since last request: 0.000158 seconds.
  path: Assets/Art/Sprites/Environmnent/FloorGrassToBricksCorner.asset
  artifactKey: Guid(cde31893a4c1582468b5d3fa5a2f8f6c) Importer(815301076,1909f56bfc062723c751e8b465ee728b)
Start importing Assets/Art/Sprites/Environmnent/FloorGrassToBricksCorner.asset using Guid(cde31893a4c1582468b5d3fa5a2f8f6c) Importer(815301076,1909f56bfc062723c751e8b465ee728b)  -> (artifact id: 'c84303c57a769937264224fe3412efb0') in 0.008121 seconds 
========================================================================
Received Import Request.
  Time since last request: 0.000168 seconds.
  path: Assets/Art/Sprites/Environmnent/FloorBricksToGrassCorner_1.asset
  artifactKey: Guid(69593b2d133b0bc49ab7179586671c7f) Importer(815301076,1909f56bfc062723c751e8b465ee728b)
Start importing Assets/Art/Sprites/Environmnent/FloorBricksToGrassCorner_1.asset using Guid(69593b2d133b0bc49ab7179586671c7f) Importer(815301076,1909f56bfc062723c751e8b465ee728b)  -> (artifact id: '4a463749c2ba8e1dc963c220612aa39f') in 0.017341 seconds 
========================================================================
Received Import Request.
  Time since last request: 0.000171 seconds.
  path: Assets/Art/Sprites/Environmnent/FloorGrassToBricksCorner_5.asset
  artifactKey: Guid(2fe550850bd529c43a610973def8dbfe) Importer(815301076,1909f56bfc062723c751e8b465ee728b)
Start importing Assets/Art/Sprites/Environmnent/FloorGrassToBricksCorner_5.asset using Guid(2fe550850bd529c43a610973def8dbfe) Importer(815301076,1909f56bfc062723c751e8b465ee728b)  -> (artifact id: 'e0ecb1a75f861f3f97e84ccf03821751') in 0.014528 seconds 
========================================================================
Received Import Request.
  Time since last request: 0.000406 seconds.
  path: Assets/Art/Sprites/Environmnent/LotusFlower.png
  artifactKey: Guid(010b5c856073f70428956b10534fd3a6) Importer(815301076,1909f56bfc062723c751e8b465ee728b)
Start importing Assets/Art/Sprites/Environmnent/LotusFlower.png using Guid(010b5c856073f70428956b10534fd3a6) Importer(815301076,1909f56bfc062723c751e8b465ee728b)  -> (artifact id: '1dcd3c8082ae802b86077afebdcf8ce5') in 0.025039 seconds 
========================================================================
Received Import Request.
  Time since last request: 0.000265 seconds.
  path: Assets/Art/Sprites/Environmnent/FloorWaterRoundCorners_4.asset
  artifactKey: Guid(09c6e55875d790942908581fba32ad44) Importer(815301076,1909f56bfc062723c751e8b465ee728b)
Start importing Assets/Art/Sprites/Environmnent/FloorWaterRoundCorners_4.asset using Guid(09c6e55875d790942908581fba32ad44) Importer(815301076,1909f56bfc062723c751e8b465ee728b)  -> (artifact id: 'b53a54b68673216084018f8d292cd40c') in 0.017363 seconds 
========================================================================
Received Import Request.
  Time since last request: 0.000272 seconds.
  path: Assets/Art/Sprites/Environmnent/FloorWaterRoundCorners_5.asset
  artifactKey: Guid(206a6a454c71e5c42a3ff0153210c2ba) Importer(815301076,1909f56bfc062723c751e8b465ee728b)
Start importing Assets/Art/Sprites/Environmnent/FloorWaterRoundCorners_5.asset using Guid(206a6a454c71e5c42a3ff0153210c2ba) Importer(815301076,1909f56bfc062723c751e8b465ee728b)  -> (artifact id: '44d8acdb79cbb683379795601d767f98') in 0.016601 seconds 
========================================================================
Received Import Request.
  Time since last request: 0.000203 seconds.
  path: Assets/Art/Sprites/Environmnent/FloorBricksToGrassSquare.png
  artifactKey: Guid(2e6ecdf01ba70e3489b17b3f6525fec2) Importer(815301076,1909f56bfc062723c751e8b465ee728b)
Start importing Assets/Art/Sprites/Environmnent/FloorBricksToGrassSquare.png using Guid(2e6ecdf01ba70e3489b17b3f6525fec2) Importer(815301076,1909f56bfc062723c751e8b465ee728b)  -> (artifact id: '0ad9ec8c3252da2c511e2a2057bdd1da') in 0.023646 seconds 
========================================================================
Received Import Request.
  Time since last request: 0.000252 seconds.
  path: Assets/Art/Sprites/Environmnent/FloorBricksToGrassCorner.asset
  artifactKey: Guid(fe4e924cab387b94193c9b150e0fa715) Importer(815301076,1909f56bfc062723c751e8b465ee728b)
Start importing Assets/Art/Sprites/Environmnent/FloorBricksToGrassCorner.asset using Guid(fe4e924cab387b94193c9b150e0fa715) Importer(815301076,1909f56bfc062723c751e8b465ee728b)  -> (artifact id: '4d22ed3a4a6c6319ef13dc8eeae1cb1a') in 0.007816 seconds 
========================================================================
Received Import Request.
  Time since last request: 0.000254 seconds.
  path: Assets/Art/Sprites/Environmnent/MetalCube.png
  artifactKey: Guid(b9244d299d06eea4fa3e8b8b6da46af5) Importer(815301076,1909f56bfc062723c751e8b465ee728b)
Start importing Assets/Art/Sprites/Environmnent/MetalCube.png using Guid(b9244d299d06eea4fa3e8b8b6da46af5) Importer(815301076,1909f56bfc062723c751e8b465ee728b)  -> (artifact id: '392518e7c052358270d3881ccd12eaa0') in 0.027117 seconds 
========================================================================
Received Import Request.
  Time since last request: 0.000471 seconds.
  path: Assets/Art/Sprites/Environmnent/FloorWaterRoundCorners_2.asset
  artifactKey: Guid(f83320da30aae8949a7da56f28804953) Importer(815301076,1909f56bfc062723c751e8b465ee728b)
Start importing Assets/Art/Sprites/Environmnent/FloorWaterRoundCorners_2.asset using Guid(f83320da30aae8949a7da56f28804953) Importer(815301076,1909f56bfc062723c751e8b465ee728b)  -> (artifact id: 'a81e057f66c6a9a6be02fa1ef12e771a') in 0.027092 seconds 
========================================================================
Received Import Request.
  Time since last request: 0.000222 seconds.
  path: Assets/Art/Sprites/Environmnent/FloorWaterRoundCorners_1.asset
  artifactKey: Guid(b7be429bc76999546b5733befe2a29e5) Importer(815301076,1909f56bfc062723c751e8b465ee728b)
Start importing Assets/Art/Sprites/Environmnent/FloorWaterRoundCorners_1.asset using Guid(b7be429bc76999546b5733befe2a29e5) Importer(815301076,1909f56bfc062723c751e8b465ee728b)  -> (artifact id: '6ee824bb7cd8288bb47feadd8d8cf8b0') in 0.018647 seconds 
========================================================================
Received Import Request.
  Time since last request: 0.000427 seconds.
  path: Assets/Art/Sprites/Environmnent/TreeForeground.png
  artifactKey: Guid(e059f0fb3f4af3e47b60d322bf43a7d6) Importer(815301076,1909f56bfc062723c751e8b465ee728b)
Start importing Assets/Art/Sprites/Environmnent/TreeForeground.png using Guid(e059f0fb3f4af3e47b60d322bf43a7d6) Importer(815301076,1909f56bfc062723c751e8b465ee728b)  -> (artifact id: '72101e5ec88874fdbe0ad8eb8309d8ef') in 0.022953 seconds 
========================================================================
Received Import Request.
  Time since last request: 0.000192 seconds.
  path: Assets/Art/Sprites/Environmnent/FloorWaterRoundCorners_3.asset
  artifactKey: Guid(3c1ca71d36d1df34bbb4fe8b195044b6) Importer(815301076,1909f56bfc062723c751e8b465ee728b)
Start importing Assets/Art/Sprites/Environmnent/FloorWaterRoundCorners_3.asset using Guid(3c1ca71d36d1df34bbb4fe8b195044b6) Importer(815301076,1909f56bfc062723c751e8b465ee728b)  -> (artifact id: '567975436af146906c1b6be3f78e2e46') in 0.022607 seconds 
========================================================================
Received Import Request.
  Time since last request: 0.000215 seconds.
  path: Assets/Art/Sprites/Environmnent/MetalCube.asset
  artifactKey: Guid(291ada546df5cd642a0231a1db725c1d) Importer(815301076,1909f56bfc062723c751e8b465ee728b)
Start importing Assets/Art/Sprites/Environmnent/MetalCube.asset using Guid(291ada546df5cd642a0231a1db725c1d) Importer(815301076,1909f56bfc062723c751e8b465ee728b)  -> (artifact id: '70cc845c143e17ed6567e6c3c1800340') in 0.021589 seconds 
========================================================================
Received Import Request.
  Time since last request: 0.000227 seconds.
  path: Assets/Art/Sprites/Environmnent/TreeBig2.png
  artifactKey: Guid(36d4547ce489e7041990fd8545a07142) Importer(815301076,1909f56bfc062723c751e8b465ee728b)
Start importing Assets/Art/Sprites/Environmnent/TreeBig2.png using Guid(36d4547ce489e7041990fd8545a07142) Importer(815301076,1909f56bfc062723c751e8b465ee728b)  -> (artifact id: 'de9b9dfd7f43ac6c0a74a908b0c197e3') in 0.024986 seconds 
========================================================================
Received Import Request.
  Time since last request: 0.000183 seconds.
  path: Assets/Art/Sprites/Environmnent/TreeLittle.png
  artifactKey: Guid(87d9eec357f7dc14286677f38287ad9e) Importer(815301076,1909f56bfc062723c751e8b465ee728b)
Start importing Assets/Art/Sprites/Environmnent/TreeLittle.png using Guid(87d9eec357f7dc14286677f38287ad9e) Importer(815301076,1909f56bfc062723c751e8b465ee728b)  -> (artifact id: '05417e7078c89c4193255c490630aafd') in 0.027702 seconds 
========================================================================
Received Import Request.
  Time since last request: 0.000224 seconds.
  path: Assets/Art/Sprites/Environmnent/TelegraphPost.png
  artifactKey: Guid(28b3c26f6746b7943aa1168e3c52c292) Importer(815301076,1909f56bfc062723c751e8b465ee728b)
Start importing Assets/Art/Sprites/Environmnent/TelegraphPost.png using Guid(28b3c26f6746b7943aa1168e3c52c292) Importer(815301076,1909f56bfc062723c751e8b465ee728b)  -> (artifact id: 'e3051d02e4652899dd5f9029dda77a19') in 0.027095 seconds 
========================================================================
Received Import Request.
  Time since last request: 0.000272 seconds.
  path: Assets/Art/Sprites/Environmnent/TreeBig1.png
  artifactKey: Guid(f0cd5ad89953643408db63f9a8c50027) Importer(815301076,1909f56bfc062723c751e8b465ee728b)
Start importing Assets/Art/Sprites/Environmnent/TreeBig1.png using Guid(f0cd5ad89953643408db63f9a8c50027) Importer(815301076,1909f56bfc062723c751e8b465ee728b)  -> (artifact id: 'aa8d9a2cb8fa826c5a5c40bb545cc366') in 0.029274 seconds 
========================================================================
Received Import Request.
  Time since last request: 0.000200 seconds.
  path: Assets/Art/Sprites/Environmnent/TreeShadow.png
  artifactKey: Guid(8640aa53d8475c5409471adcb65826a5) Importer(815301076,1909f56bfc062723c751e8b465ee728b)
Start importing Assets/Art/Sprites/Environmnent/TreeShadow.png using Guid(8640aa53d8475c5409471adcb65826a5) Importer(815301076,1909f56bfc062723c751e8b465ee728b)  -> (artifact id: '58a6c90b296a5f62ead5244fa8ca3d37') in 0.025683 seconds 
========================================================================
Received Import Request.
  Time since last request: 0.000082 seconds.
  path: Assets/Art/Sprites/Environmnent/FloorGrassToBricksSquare.png
  artifactKey: Guid(ae39c96545143eb41b1618200a550c81) Importer(815301076,1909f56bfc062723c751e8b465ee728b)
Start importing Assets/Art/Sprites/Environmnent/FloorGrassToBricksSquare.png using Guid(ae39c96545143eb41b1618200a550c81) Importer(815301076,1909f56bfc062723c751e8b465ee728b)  -> (artifact id: '6e33512db00fbf28b852e411d385f560') in 0.025015 seconds 
========================================================================
Received Import Request.
  Time since last request: 0.000228 seconds.
  path: Assets/Art/Sprites/Environmnent/FloorBricksToGrassCorner_7.asset
  artifactKey: Guid(1bb5416dc2b54284987c2467a0e9ffd7) Importer(815301076,1909f56bfc062723c751e8b465ee728b)
Start importing Assets/Art/Sprites/Environmnent/FloorBricksToGrassCorner_7.asset using Guid(1bb5416dc2b54284987c2467a0e9ffd7) Importer(815301076,1909f56bfc062723c751e8b465ee728b)  -> (artifact id: 'cd0e499110f748c220f9fd147f5fdc72') in 0.023813 seconds 
========================================================================
Received Import Request.
  Time since last request: 0.000227 seconds.
  path: Assets/Art/Sprites/Environmnent/GrassSmall.png
  artifactKey: Guid(8f629954bb45aa74a8bf21f8e6b95975) Importer(815301076,1909f56bfc062723c751e8b465ee728b)
Start importing Assets/Art/Sprites/Environmnent/GrassSmall.png using Guid(8f629954bb45aa74a8bf21f8e6b95975) Importer(815301076,1909f56bfc062723c751e8b465ee728b)  -> (artifact id: '8d59cf4f75db31f3b73972ecccff3725') in 0.023611 seconds 
========================================================================
Received Import Request.
  Time since last request: 0.000172 seconds.
  path: Assets/Art/Sprites/Environmnent/FloorWaterSquareCorners.png
  artifactKey: Guid(56dfe645f43c419458abb426118088e5) Importer(815301076,1909f56bfc062723c751e8b465ee728b)
Start importing Assets/Art/Sprites/Environmnent/FloorWaterSquareCorners.png using Guid(56dfe645f43c419458abb426118088e5) Importer(815301076,1909f56bfc062723c751e8b465ee728b)  -> (artifact id: 'aa74e0c4c7cc47932354d0f76db17116') in 0.052524 seconds 
========================================================================
Received Import Request.
  Time since last request: 0.000309 seconds.
  path: Assets/Art/Sprites/Environmnent/FloorWaterRoundCorners_0.asset
  artifactKey: Guid(a4641fb27b5623346b70762024c098ec) Importer(815301076,1909f56bfc062723c751e8b465ee728b)
Start importing Assets/Art/Sprites/Environmnent/FloorWaterRoundCorners_0.asset using Guid(a4641fb27b5623346b70762024c098ec) Importer(815301076,1909f56bfc062723c751e8b465ee728b)  -> (artifact id: 'f0f2751bb9ab631125d2f88f190bca8a') in 0.022350 seconds 
========================================================================
Received Import Request.
  Time since last request: 0.000308 seconds.
  path: Assets/Art/Sprites/Environmnent/FloorBricksToGrassCorner_3.asset
  artifactKey: Guid(3d88c5052e9f48a45b2e194a769d5765) Importer(815301076,1909f56bfc062723c751e8b465ee728b)
Start importing Assets/Art/Sprites/Environmnent/FloorBricksToGrassCorner_3.asset using Guid(3d88c5052e9f48a45b2e194a769d5765) Importer(815301076,1909f56bfc062723c751e8b465ee728b)  -> (artifact id: '7f5f0f3781ea6cdbf0b42e27bc644e07') in 0.020813 seconds 
========================================================================
Received Import Request.
  Time since last request: 1.393258 seconds.
  path: Assets/Art/Sprites/UI/CharacterPortrait.png
  artifactKey: Guid(e15de6f8d935253448ee4e7709bd216c) Importer(815301076,1909f56bfc062723c751e8b465ee728b)
Start importing Assets/Art/Sprites/UI/CharacterPortrait.png using Guid(e15de6f8d935253448ee4e7709bd216c) Importer(815301076,1909f56bfc062723c751e8b465ee728b)  -> (artifact id: '8a1c13c3d03892439febbc27830c7bf0') in 0.021896 seconds 
========================================================================
Received Import Request.
  Time since last request: 0.000276 seconds.
  path: Assets/Art/Sprites/UI/UIBulletIcon.png
  artifactKey: Guid(ca4761f4dd286db43a54d88ad0eb63ba) Importer(815301076,1909f56bfc062723c751e8b465ee728b)
Start importing Assets/Art/Sprites/UI/UIBulletIcon.png using Guid(ca4761f4dd286db43a54d88ad0eb63ba) Importer(815301076,1909f56bfc062723c751e8b465ee728b)  -> (artifact id: 'a351cf7712403f6f67788947b193aac9') in 0.026668 seconds 
========================================================================
Received Import Request.
  Time since last request: 0.000372 seconds.
  path: Assets/Art/Sprites/UI/UIHealthFrame.png
  artifactKey: Guid(94d1f28a5aa0ed94b8d3bd15086f4b63) Importer(815301076,1909f56bfc062723c751e8b465ee728b)
Start importing Assets/Art/Sprites/UI/UIHealthFrame.png using Guid(94d1f28a5aa0ed94b8d3bd15086f4b63) Importer(815301076,1909f56bfc062723c751e8b465ee728b)  -> (artifact id: '85e7d0604fe913f07b91d929604f73cb') in 0.039384 seconds 
========================================================================
Received Import Request.
  Time since last request: 0.000358 seconds.
  path: Assets/Art/Sprites/UI/UIHealthBar.png
  artifactKey: Guid(06131b9172a2c144fbb98dd9cb53e741) Importer(815301076,1909f56bfc062723c751e8b465ee728b)
Start importing Assets/Art/Sprites/UI/UIHealthBar.png using Guid(06131b9172a2c144fbb98dd9cb53e741) Importer(815301076,1909f56bfc062723c751e8b465ee728b)  -> (artifact id: '0d30e7eae350d8c9efdaec9db93987c1') in 0.026831 seconds 
========================================================================
Received Import Request.
  Time since last request: 0.000463 seconds.
  path: Assets/Art/Sprites/UI/NPCPortrait.png
  artifactKey: Guid(aa3e0837878604144b973aa396ea7dbd) Importer(815301076,1909f56bfc062723c751e8b465ee728b)
Start importing Assets/Art/Sprites/UI/NPCPortrait.png using Guid(aa3e0837878604144b973aa396ea7dbd) Importer(815301076,1909f56bfc062723c751e8b465ee728b)  -> (artifact id: '860c36ef82da0980a3c23c5d326564d5') in 0.026469 seconds 
========================================================================
Received Import Request.
  Time since last request: 0.000195 seconds.
  path: Assets/Art/Sprites/UI/UIDialogueBox.png
  artifactKey: Guid(ce5afa1fa1b1e684098419a8455659b0) Importer(815301076,1909f56bfc062723c751e8b465ee728b)
Start importing Assets/Art/Sprites/UI/UIDialogueBox.png using Guid(ce5afa1fa1b1e684098419a8455659b0) Importer(815301076,1909f56bfc062723c751e8b465ee728b)  -> (artifact id: 'd73d7eae97d4c166f11ee5a54215c9ce') in 0.022651 seconds 
========================================================================
Received Import Request.
  Time since last request: 0.436406 seconds.
  path: Assets/Art/Sprites/VFX/CogBullet.png
  artifactKey: Guid(c3bae526786f11046bdd2a781392a458) Importer(815301076,1909f56bfc062723c751e8b465ee728b)
Start importing Assets/Art/Sprites/VFX/CogBullet.png using Guid(c3bae526786f11046bdd2a781392a458) Importer(815301076,1909f56bfc062723c751e8b465ee728b)  -> (artifact id: 'd94585f471bee741b5b3dd5bbb5805fa') in 0.021652 seconds 
========================================================================
Received Import Request.
  Time since last request: 0.000262 seconds.
  path: Assets/Art/Sprites/VFX/Shadow.png
  artifactKey: Guid(2473a1005c3459b479fdb52a47447363) Importer(815301076,1909f56bfc062723c751e8b465ee728b)
Start importing Assets/Art/Sprites/VFX/Shadow.png using Guid(2473a1005c3459b479fdb52a47447363) Importer(815301076,1909f56bfc062723c751e8b465ee728b)  -> (artifact id: '46e96a75a83e987a782543fd9b0be177') in 0.028362 seconds 
========================================================================
Received Import Request.
  Time since last request: 0.000522 seconds.
  path: Assets/Art/Sprites/VFX/CollectibleAmmo.png
  artifactKey: Guid(d5ac0d76f419eaf4b88095579ba3ab35) Importer(815301076,1909f56bfc062723c751e8b465ee728b)
Start importing Assets/Art/Sprites/VFX/CollectibleAmmo.png using Guid(d5ac0d76f419eaf4b88095579ba3ab35) Importer(815301076,1909f56bfc062723c751e8b465ee728b)  -> (artifact id: '4ed1a9e42e5852d47fe6da05fb5d0ef6') in 0.039516 seconds 
========================================================================
Received Import Request.
  Time since last request: 0.000239 seconds.
  path: Assets/Art/Sprites/VFX/CollectibleHealth.png
  artifactKey: Guid(00e89d1057578a342b22583144a5ee03) Importer(815301076,1909f56bfc062723c751e8b465ee728b)
Start importing Assets/Art/Sprites/VFX/CollectibleHealth.png using Guid(00e89d1057578a342b22583144a5ee03) Importer(815301076,1909f56bfc062723c751e8b465ee728b)  -> (artifact id: '99ac054501982fecc6c646a546093a61') in 0.024921 seconds 
========================================================================
Received Import Request.
  Time since last request: 0.000391 seconds.
  path: Assets/Art/Sprites/VFX/ParticleSpriteAtlas.png
  artifactKey: Guid(bb5bb2f184426a64cac53faa220820f5) Importer(815301076,1909f56bfc062723c751e8b465ee728b)
Start importing Assets/Art/Sprites/VFX/ParticleSpriteAtlas.png using Guid(bb5bb2f184426a64cac53faa220820f5) Importer(815301076,1909f56bfc062723c751e8b465ee728b)  -> (artifact id: 'bac4c61640519f0c2496989391d2f36c') in 0.025811 seconds 
========================================================================
Received Import Request.
  Time since last request: 1.117509 seconds.
  path: Assets/Art/Sprites/Characters/Prefabs/Damageable 1.prefab
  artifactKey: Guid(aeb11629b1343e24b8f0a01998a1030f) Importer(815301076,1909f56bfc062723c751e8b465ee728b)
Start importing Assets/Art/Sprites/Characters/Prefabs/Damageable 1.prefab using Guid(aeb11629b1343e24b8f0a01998a1030f) Importer(815301076,1909f56bfc062723c751e8b465ee728b)  -> (artifact id: '47e41af5473b3e5c1e9346f4d053b547') in 0.013876 seconds 
========================================================================
Received Import Request.
  Time since last request: 0.000311 seconds.
  path: Assets/Art/Sprites/Characters/Prefabs/TelegraphPost.prefab
  artifactKey: Guid(e6971fd5f0e2c6243a7e184035082714) Importer(815301076,1909f56bfc062723c751e8b465ee728b)
Start importing Assets/Art/Sprites/Characters/Prefabs/TelegraphPost.prefab using Guid(e6971fd5f0e2c6243a7e184035082714) Importer(815301076,1909f56bfc062723c751e8b465ee728b)  -> (artifact id: '77828d91a0e038924951c52fa3cc3aa2') in 0.020469 seconds 
========================================================================
Received Import Request.
  Time since last request: 0.000391 seconds.
  path: Assets/Art/Sprites/Characters/Prefabs/TreeBig1.prefab
  artifactKey: Guid(fe9e4c2ff7945fe4a85c97b9524d27e3) Importer(815301076,1909f56bfc062723c751e8b465ee728b)
Start importing Assets/Art/Sprites/Characters/Prefabs/TreeBig1.prefab using Guid(fe9e4c2ff7945fe4a85c97b9524d27e3) Importer(815301076,1909f56bfc062723c751e8b465ee728b)  -> (artifact id: 'f338aa9396be5db708d8a3f4f50f7b28') in 0.022840 seconds 
========================================================================
Received Import Request.
  Time since last request: 0.000280 seconds.
  path: Assets/Art/Sprites/Characters/Prefabs/Robot 1.prefab
  artifactKey: Guid(9bf72a90e5a5c6b4e902ed59189b4490) Importer(815301076,1909f56bfc062723c751e8b465ee728b)
Start importing Assets/Art/Sprites/Characters/Prefabs/Robot 1.prefab using Guid(9bf72a90e5a5c6b4e902ed59189b4490) Importer(815301076,1909f56bfc062723c751e8b465ee728b)  -> (artifact id: 'd4427dd0ae9f1aa3c23585ea6a1f51d7') in 0.028262 seconds 
========================================================================
Received Import Request.
  Time since last request: 0.000341 seconds.
  path: Assets/Art/Sprites/Characters/Prefabs/Ruby.prefab
  artifactKey: Guid(d4750d6029754dc45a82de3723caa752) Importer(815301076,1909f56bfc062723c751e8b465ee728b)
Start importing Assets/Art/Sprites/Characters/Prefabs/Ruby.prefab using Guid(d4750d6029754dc45a82de3723caa752) Importer(815301076,1909f56bfc062723c751e8b465ee728b)  -> (artifact id: '4057866eadc81fa424c97af1d4c659aa') in 0.023391 seconds 
========================================================================
Received Import Request.
  Time since last request: 0.001002 seconds.
  path: Assets/Art/Sprites/Characters/Prefabs/House.prefab
  artifactKey: Guid(24af71e6b9ad44744b2545802d71fd11) Importer(815301076,1909f56bfc062723c751e8b465ee728b)
Start importing Assets/Art/Sprites/Characters/Prefabs/House.prefab using Guid(24af71e6b9ad44744b2545802d71fd11) Importer(815301076,1909f56bfc062723c751e8b465ee728b)  -> (artifact id: '2230f64e1594d787352c79aa6a130802') in 0.029920 seconds 
========================================================================
Received Import Request.
  Time since last request: 0.000172 seconds.
  path: Assets/Art/Sprites/Characters/Prefabs/MetalCube.prefab
  artifactKey: Guid(2beabea3d65daa64a8d7044d2a6e3237) Importer(815301076,1909f56bfc062723c751e8b465ee728b)
Start importing Assets/Art/Sprites/Characters/Prefabs/MetalCube.prefab using Guid(2beabea3d65daa64a8d7044d2a6e3237) Importer(815301076,1909f56bfc062723c751e8b465ee728b)  -> (artifact id: '1e17d43ec36188030be2e6801dd6ebd7') in 0.022794 seconds 
========================================================================
Received Import Request.
  Time since last request: 1.431213 seconds.
  path: Assets/Art/Sprites/Characters/942f4916-7eb8-45f5-889c-0aa6290f6d8c_Ruby.png
  artifactKey: Guid(9ba1bb6273ab35c4486b5e9387d0f329) Importer(815301076,1909f56bfc062723c751e8b465ee728b)
Start importing Assets/Art/Sprites/Characters/942f4916-7eb8-45f5-889c-0aa6290f6d8c_Ruby.png using Guid(9ba1bb6273ab35c4486b5e9387d0f329) Importer(815301076,1909f56bfc062723c751e8b465ee728b)  -> (artifact id: '1349cf3df69a9c8012aabd8222344b96') in 0.017570 seconds 
========================================================================
Received Import Request.
  Time since last request: 0.000268 seconds.
  path: Assets/Art/Sprites/Characters/JambiSheet.png
  artifactKey: Guid(255841382d607e24a8317d9ab167f414) Importer(815301076,1909f56bfc062723c751e8b465ee728b)
Start importing Assets/Art/Sprites/Characters/JambiSheet.png using Guid(255841382d607e24a8317d9ab167f414) Importer(815301076,1909f56bfc062723c751e8b465ee728b)  -> (artifact id: '6d430af58ba8f177d69370a804dcede9') in 0.040956 seconds 
========================================================================
Received Import Request.
  Time since last request: 0.000278 seconds.
  path: Assets/Art/Sprites/Characters/RubySheet.png
  artifactKey: Guid(c1dbff5bcb29cdd4bbb8de3a29f2328c) Importer(815301076,1909f56bfc062723c751e8b465ee728b)
Start importing Assets/Art/Sprites/Characters/RubySheet.png using Guid(c1dbff5bcb29cdd4bbb8de3a29f2328c) Importer(815301076,1909f56bfc062723c751e8b465ee728b)  -> (artifact id: 'bc433d215ec5772815a51d328ba73d8e') in 0.121841 seconds 
========================================================================
Received Import Request.
  Time since last request: 0.000248 seconds.
  path: Assets/Art/Sprites/Characters/MrClockworkSheet.png
  artifactKey: Guid(651c4abeb0812e74685da0e5a31c8dff) Importer(815301076,1909f56bfc062723c751e8b465ee728b)
Start importing Assets/Art/Sprites/Characters/MrClockworkSheet.png using Guid(651c4abeb0812e74685da0e5a31c8dff) Importer(815301076,1909f56bfc062723c751e8b465ee728b)  -> (artifact id: '6a32f1dd4f11173cd48c4427a5eef54a') in 0.110696 seconds 
========================================================================
Received Import Request.
  Time since last request: 4.485916 seconds.
  path: Assets/Art/Animations/robotanimation.controller
  artifactKey: Guid(532622dadf9a61d4d930013057f6215e) Importer(815301076,1909f56bfc062723c751e8b465ee728b)
Start importing Assets/Art/Animations/robotanimation.controller using Guid(532622dadf9a61d4d930013057f6215e) Importer(815301076,1909f56bfc062723c751e8b465ee728b)  -> (artifact id: '0a88d8e4a1a31881e0b3337801e977df') in 0.012236 seconds 
========================================================================
Received Import Request.
  Time since last request: 69.117757 seconds.
  path: Assets/Art/Animations/AnimationClips
  artifactKey: Guid(2dceb00d54b369d4889d2daf5a884a57) Importer(815301076,1909f56bfc062723c751e8b465ee728b)
Start importing Assets/Art/Animations/AnimationClips using Guid(2dceb00d54b369d4889d2daf5a884a57) Importer(815301076,1909f56bfc062723c751e8b465ee728b)  -> (artifact id: 'b3f31c09148e766f780e1d71e3f9b5b4') in 0.011742 seconds 
========================================================================
Received Import Request.
  Time since last request: 0.949901 seconds.
  path: Assets/Art/Animations/AnimationClips/Player
  artifactKey: Guid(f3cc884ead1a9b844804335eddacc621) Importer(815301076,1909f56bfc062723c751e8b465ee728b)
Start importing Assets/Art/Animations/AnimationClips/Player using Guid(f3cc884ead1a9b844804335eddacc621) Importer(815301076,1909f56bfc062723c751e8b465ee728b)  -> (artifact id: 'a955fd25213020ddc586c92ae09676f9') in 0.010331 seconds 
========================================================================
Received Import Request.
  Time since last request: 356.700107 seconds.
  path: Assets/Art/Animations/Robot (1).prefab
  artifactKey: Guid(b25fd6545a2d2514f95285bce62b140a) Importer(815301076,1909f56bfc062723c751e8b465ee728b)
Start importing Assets/Art/Animations/Robot (1).prefab using Guid(b25fd6545a2d2514f95285bce62b140a) Importer(815301076,1909f56bfc062723c751e8b465ee728b)  -> (artifact id: '9c94fa781654594ac0120c86b62ca19a') in 0.019346 seconds 
========================================================================
Received Import Request.
  Time since last request: 16.759557 seconds.
  path: Assets/Art/Animations
  artifactKey: Guid(c2511782ee2ec2049bd34dd5311d72e0) Importer(815301076,1909f56bfc062723c751e8b465ee728b)
Start importing Assets/Art/Animations using Guid(c2511782ee2ec2049bd34dd5311d72e0) Importer(815301076,1909f56bfc062723c751e8b465ee728b)  -> (artifact id: 'b510a228b6367b06187e55095d50d124') in 0.010898 seconds 
========================================================================
Received Import Request.
  Time since last request: 11.384749 seconds.
  path: Assets/Art/Animations/New Animation.anim
  artifactKey: Guid(40671e67e33196541a5607658ea8eb9b) Importer(815301076,1909f56bfc062723c751e8b465ee728b)
Start importing Assets/Art/Animations/New Animation.anim using Guid(40671e67e33196541a5607658ea8eb9b) Importer(815301076,1909f56bfc062723c751e8b465ee728b)  -> (artifact id: 'bf44b2c5f4db04cdde83f83c6cdce079') in 0.010381 seconds 
========================================================================
Received Import Request.
  Time since last request: 20.581964 seconds.
  path: Assets/Art/Animations/robotanimation.controller
  artifactKey: Guid(532622dadf9a61d4d930013057f6215e) Importer(815301076,1909f56bfc062723c751e8b465ee728b)
Start importing Assets/Art/Animations/robotanimation.controller using Guid(532622dadf9a61d4d930013057f6215e) Importer(815301076,1909f56bfc062723c751e8b465ee728b)  -> (artifact id: '8f459ad28eb17fcfc34da171c899e69b') in 0.004552 seconds 
========================================================================
Received Import Request.
  Time since last request: 42.365302 seconds.
  path: Assets/Art/Sprites/Characters/Prefabs/Robot 1.prefab
  artifactKey: Guid(9bf72a90e5a5c6b4e902ed59189b4490) Importer(815301076,1909f56bfc062723c751e8b465ee728b)
Start importing Assets/Art/Sprites/Characters/Prefabs/Robot 1.prefab using Guid(9bf72a90e5a5c6b4e902ed59189b4490) Importer(815301076,1909f56bfc062723c751e8b465ee728b) The Animator Controller (robotanimation) you have used is not valid. Animations will not play
UnityEngine.StackTraceUtility:ExtractStackTrace ()
UnityEditor.EditorUtility:Internal_InstantiateRemoveAllNonAnimationComponentsSingle (UnityEngine.Object,UnityEngine.Vector3,UnityEngine.Quaternion)
UnityEditor.EditorUtility:InstantiateRemoveAllNonAnimationComponents (UnityEngine.Object,UnityEngine.Vector3,UnityEngine.Quaternion)
UnityEditor.EditorUtility:InstantiateForAnimatorPreview (UnityEngine.Object)
UnityEditor.GameObjectInspector/PreviewData:UpdateGameObject (UnityEngine.Object)
UnityEditor.GameObjectInspector/PreviewData:.ctor (UnityEngine.Object)
UnityEditor.GameObjectInspector:GetPreviewData ()
UnityEditor.GameObjectInspector:RenderStaticPreview (string,UnityEngine.Object[],int,int)
UnityEditor.AssetPreviewUpdater:CreatePreviewForAsset (UnityEngine.Object,UnityEngine.Object[],string)

[C:\buildslave\unity\build\Modules/Animation/Director/AnimatorControllerPlayable.cpp line 333]

The Animator Controller (robotanimation) you have used is not valid. Animations will not play
UnityEngine.StackTraceUtility:ExtractStackTrace ()
UnityEditor.EditorUtility:InitInstantiatedPreviewRecursive (UnityEngine.GameObject)
UnityEditor.EditorUtility:InstantiateForAnimatorPreview (UnityEngine.Object)
UnityEditor.GameObjectInspector/PreviewData:UpdateGameObject (UnityEngine.Object)
UnityEditor.GameObjectInspector/PreviewData:.ctor (UnityEngine.Object)
UnityEditor.GameObjectInspector:GetPreviewData ()
UnityEditor.GameObjectInspector:RenderStaticPreview (string,UnityEngine.Object[],int,int)
UnityEditor.AssetPreviewUpdater:CreatePreviewForAsset (UnityEngine.Object,UnityEngine.Object[],string)

[C:\buildslave\unity\build\Modules/Animation/Director/AnimatorControllerPlayable.cpp line 333]

 -> (artifact id: '2bc9900d24b44b3b424b5a131830e122') in 0.022401 seconds 
========================================================================
Received Import Request.
  Time since last request: 437.576835 seconds.
  path: Assets/Art/Sprites/Characters
  artifactKey: Guid(ff0aa22beee37e947b64088c003dfa20) Importer(815301076,1909f56bfc062723c751e8b465ee728b)
Start importing Assets/Art/Sprites/Characters using Guid(ff0aa22beee37e947b64088c003dfa20) Importer(815301076,1909f56bfc062723c751e8b465ee728b)  -> (artifact id: '0cee3beee5f5c2ae13062d53506489a2') in 0.016740 seconds 
========================================================================
Received Import Request.
  Time since last request: 1.938651 seconds.
  path: Assets/Art/Sprites/Characters/Prefabs
  artifactKey: Guid(3a1024addd2d7e6429a18ca80c840367) Importer(815301076,1909f56bfc062723c751e8b465ee728b)
Start importing Assets/Art/Sprites/Characters/Prefabs using Guid(3a1024addd2d7e6429a18ca80c840367) Importer(815301076,1909f56bfc062723c751e8b465ee728b)  -> (artifact id: '48d45c10bd91cbc15cf082a970db10ea') in 0.012522 seconds 
========================================================================
Received Prepare
Registering precompiled user dll's ...
Registered in 0.010383 seconds.
Begin MonoManager ReloadAssembly
Native extension for WindowsStandalone target not found
Refreshing native plugins compatible for Editor in 0.85 ms, found 3 plugins.
Preloading 0 native plugins for Editor in 0.00 ms.
Mono: successfully reloaded assembly
- Completed reload, in  1.483 seconds
Domain Reload Profiling:
	ReloadAssembly (1484ms)
		BeginReloadAssembly (175ms)
			ExecutionOrderSort (0ms)
			DisableScriptedObjects (7ms)
			BackupInstance (0ms)
			ReleaseScriptingObjects (0ms)
			CreateAndSetChildDomain (57ms)
		EndReloadAssembly (1228ms)
			LoadAssemblies (153ms)
			RebuildTransferFunctionScriptingTraits (0ms)
			SetupTypeCache (420ms)
			ReleaseScriptCaches (1ms)
			RebuildScriptCaches (113ms)
			SetupLoadedEditorAssemblies (428ms)
				LogAssemblyErrors (0ms)
				InitializePlatformSupportModulesInManaged (6ms)
				SetLoadedEditorAssemblies (1ms)
				RefreshPlugins (1ms)
				BeforeProcessingInitializeOnLoad (91ms)
				ProcessInitializeOnLoadAttributes (297ms)
				ProcessInitializeOnLoadMethodAttributes (24ms)
				AfterProcessingInitializeOnLoad (8ms)
				EditorAssembliesLoaded (0ms)
			ExecutionOrderSort2 (0ms)
			AwakeInstancesAfterBackupRestoration (7ms)
Platform modules already initialized, skipping
Refreshing native plugins compatible for Editor in 0.67 ms, found 3 plugins.
Preloading 0 native plugins for Editor in 0.00 ms.
Unloading 2210 Unused Serialized files (Serialized files now loaded: 0)
System memory in use before: 101.0 MB.
System memory in use after: 100.9 MB.

Unloading 20 unused Assets to reduce memory usage. Loaded Objects now: 2701.
Total: 3.461100 ms (FindLiveObjects: 0.171200 ms CreateObjectMapping: 0.085400 ms MarkObjects: 3.077700 ms  DeleteObjects: 0.125300 ms)

AssetImportParameters requested are different than current active one (requested -> active):
  custom:framework-win-MediaFoundation: 216162199b28c13a410421893ffa2e32 -> 
  custom:video-decoder-ogg-theora: a1e56fd34408186e4bbccfd4996cb3dc -> 
  custom:container-muxer-webm: aa71ff27fc2769a1b78a27578f13a17b -> 
  custom:container-demuxer-webm: 4f35f7cbe854078d1ac9338744f61a02 -> 
  custom:container-demuxer-ogg: 62fdf1f143b41e24485cea50d1cbac27 -> 
  custom:video-encoder-webm-vp8: eb34c28f22e8b96e1ab97ce403110664 -> 
  custom:video-decoder-webm-vp8: 9c59270c3fd7afecdb556c50c9e8de78 -> 
  custom:audio-decoder-ogg-vorbis: bf7c407c2cedff20999df2af8eb42d56 -> 
  custom:audio-encoder-webm-vorbis: bf7c407c2cedff20999df2af8eb42d56 -> 
========================================================================
Received Import Request.
  Time since last request: 1294.013621 seconds.
  path: Assets/Art/Sprites/Characters/Prefabs/New Animation.anim
  artifactKey: Guid(67da604d3d601174c8d9b150574552e8) Importer(815301076,1909f56bfc062723c751e8b465ee728b)
Start importing Assets/Art/Sprites/Characters/Prefabs/New Animation.anim using Guid(67da604d3d601174c8d9b150574552e8) Importer(815301076,1909f56bfc062723c751e8b465ee728b)  -> (artifact id: '64fd44435f78e9aecf582356792c26d2') in 0.020090 seconds 
========================================================================
Received Import Request.
  Time since last request: 3.278479 seconds.
  path: Assets/Art/Sprites/Characters/Prefabs/right run.anim
  artifactKey: Guid(c8256051f3203584a8babb31f837422c) Importer(815301076,1909f56bfc062723c751e8b465ee728b)
Start importing Assets/Art/Sprites/Characters/Prefabs/right run.anim using Guid(c8256051f3203584a8babb31f837422c) Importer(815301076,1909f56bfc062723c751e8b465ee728b)  -> (artifact id: 'df5f100d806aed0249dff7dd79b2545b') in 0.008930 seconds 
========================================================================
Received Import Request.
  Time since last request: 33.541331 seconds.
  path: Assets/Art/Sprites/Characters/Prefabs/rightrun.anim
  artifactKey: Guid(67da604d3d601174c8d9b150574552e8) Importer(815301076,1909f56bfc062723c751e8b465ee728b)
Start importing Assets/Art/Sprites/Characters/Prefabs/rightrun.anim using Guid(67da604d3d601174c8d9b150574552e8) Importer(815301076,1909f56bfc062723c751e8b465ee728b)  -> (artifact id: 'eedd5f3a959935830c20c393d2eca80e') in 0.009798 seconds 
========================================================================
Received Import Request.
  Time since last request: 16.767574 seconds.
  path: Assets/Art/Sprites/Characters/Prefabs/leftrun.anim
  artifactKey: Guid(67da604d3d601174c8d9b150574552e8) Importer(815301076,1909f56bfc062723c751e8b465ee728b)
Start importing Assets/Art/Sprites/Characters/Prefabs/leftrun.anim using Guid(67da604d3d601174c8d9b150574552e8) Importer(815301076,1909f56bfc062723c751e8b465ee728b)  -> (artifact id: '0fc2ec931b2b0b2d0b27552c4d67ac23') in 0.008157 seconds 
AssetImportWorkerClient::OnTransportError - code=2 error=End of file
